2026-02-08 18:26:20,003 - ETL-SAJ - INFO - Iniciando Etapa de Extração...
2026-02-08 18:26:20,005 - ETL-SAJ - ERROR - Nenhum arquivo .xlsx encontrado no diretório.
2026-02-08 18:26:20,005 - ETL-SAJ - ERROR - Arquivo não encontrado: Nenhum relatório Excel (.xlsx) disponível.
2026-02-10 10:18:34,608 - ETL-SAJ - INFO - Iniciando Etapa de Extração...
2026-02-10 10:18:34,609 - ETL-SAJ - ERROR - Nenhum arquivo .xlsx encontrado no diretório.
2026-02-10 10:18:34,610 - ETL-SAJ - ERROR - Arquivo não encontrado: Nenhum relatório Excel (.xlsx) disponível.
2026-03-01 18:54:30,533 - ETL-SAJ - INFO - Iniciando Etapa de Extração...
2026-03-01 18:54:33,566 - ETL-SAJ - INFO - Carregando: Relatorio.xlsx
2026-03-01 18:54:33,586 - ETL-SAJ - INFO - Iniciando Etapa de Transformação...
2026-03-01 18:54:58,555 - ETL-SAJ - INFO - Iniciando tratamento pesado: Mês Dezembro, Cota 115.26
2026-03-01 18:54:58,577 - ETL-SAJ - INFO - Iniciando Etapa de Carga...
2026-03-01 18:54:59,009 - ETL-SAJ - INFO - 💾 Carga concluída: 167 registros processados.
2026-03-01 18:54:59,009 - ETL-SAJ - INFO - 📍 Arquivo salvo em: C:\Users\HD1T\Desktop\Gabriel\GIT_HUB\bot_sograo\Dados_Tratados_Dezembro.xlsx
2026-03-01 18:54:59,013 - ETL-SAJ - INFO -                   ETL FINALIZADO COM SUCESSO.
2026-03-01 19:22:52,640 - ETL-SAJ - INFO - Iniciando Etapa de Extração...
2026-03-01 19:23:39,630 - ETL-SAJ - INFO - Carregando: Relatorio.xlsx
2026-03-01 19:23:39,648 - ETL-SAJ - INFO - Iniciando Etapa de Transformação...
2026-03-01 19:23:50,513 - ETL-SAJ - INFO - Iniciando tratamento pesado: Mês Dezembro, Cota 111.06
2026-03-01 19:23:50,532 - ETL-SAJ - INFO - Iniciando Etapa de Carga...
2026-03-01 19:23:50,961 - ETL-SAJ - INFO - 💾 Carga concluída: 167 registros processados.
2026-03-01 19:23:50,961 - ETL-SAJ - INFO - 📍 Arquivo salvo em: C:\Users\HD1T\Desktop\Gabriel\GIT_HUB\bot_sograo\Dados_Tratados_12_2025.xlsx
2026-03-01 19:23:50,964 - ETL-SAJ - INFO -                   ETL FINALIZADO COM SUCESSO.
2026-03-01 21:40:54,772 - ETL-SAJ - INFO - Iniciando Etapa de Extração...
2026-03-01 21:40:57,658 - ETL-SAJ - INFO - Carregando: Relatorio.xlsx
2026-03-01 21:40:57,677 - ETL-SAJ - INFO - Iniciando Etapa de Transformação...
2026-03-01 21:41:03,131 - ETL-SAJ - INFO - Iniciando tratamento pesado: Mês Dezembro, Cota 111.06
2026-03-01 21:41:03,156 - ETL-SAJ - INFO - Iniciando Etapa de Carga...
2026-03-01 21:41:03,592 - ETL-SAJ - INFO - 💾 Carga concluída: 167 registros processados.
2026-03-01 21:41:03,593 - ETL-SAJ - INFO - 📍 Arquivo salvo em: C:\Users\HD1T\Desktop\Gabriel\GIT_HUB\bot_sograo\Dados_Tratados_12_2025.xlsx
2026-03-01 21:41:03,596 - ETL-SAJ - INFO -                   ETL FINALIZADO COM SUCESSO.
